<?xml version="1.0" encoding="UTF-8"?>
<testsuite xmlns:xsi="http://www.w3.org/2001/XMLSchema-instance" xsi:noNamespaceSchemaLocation="https://maven.apache.org/surefire/maven-surefire-plugin/xsd/surefire-test-report-3.0.xsd" version="3.0" name="com.example.springjavatoaws.SpringJavaToAwsApplicationTests" time="7.623" tests="1" errors="0" skipped="0" failures="0">
  <properties>
[...]
</properties>
  <testcase name="contextLoads" classname="com.example.springjavatoaws.SpringJavaToAwsApplicationTests" time="1.969">
    <system-out><![CDATA[12:56:16.259 [main] INFO org.springframework.test.context.support.AnnotationConfigContextLoaderUtils -- Could not detect default configuration classes for test class [com.example.springjavatoaws.SpringJavaToAwsApplicationTests]: SpringJavaToAwsApplicationTests does not declare any static, non-private, non-final, nested classes annotated with @Configuration.
12:56:16.522 [main] INFO org.springframework.boot.test.context.SpringBootTestContextBootstrapper -- Found @SpringBootConfiguration com.example.springjavatoaws.SpringJavaToAwsApplication for test class com.example.springjavatoaws.SpringJavaToAwsApplicationTests

  .   ____          _            __ _ _
 /\\ / ___'_ __ _ _(_)_ __  __ _ \ \ \ \
( ( )\___ | '_ | '_| | '_ \/ _` | \ \ \ \
 \\/  ___)| |_)| | | | | || (_| |  ) ) ) )
  '  |____| .__|_| |_|_| |_\__, | / / / /
 =========|_|==============|___/=/_/_/_/
 :: Spring Boot ::                (v3.2.2)

2024-02-14T12:56:17.343+02:00  INFO 11608 --- [           main] c.e.s.SpringJavaToAwsApplicationTests    : Starting SpringJavaToAwsApplicationTests using Java 20.0.2 with PID 11608 (started by siphamandla.zolakhe in H:\DevOps\Learning\JavaonAWS\JavaApp\spring-java-to-aws)
2024-02-14T12:56:17.346+02:00  INFO 11608 --- [           main] c.e.s.SpringJavaToAwsApplicationTests    : No active profile set, falling back to 1 default profile: "default"
2024-02-14T12:56:21.225+02:00  INFO 11608 --- [           main] o.s.b.a.e.web.EndpointLinksResolver      : Exposing 1 endpoint(s) beneath base path '/actuator'
2024-02-14T12:56:21.325+02:00  INFO 11608 --- [           main] c.e.s.SpringJavaToAwsApplicationTests    : Started SpringJavaToAwsApplicationTests in 4.518 seconds (process running for 6.636)
]]></system-out>
  </testcase>
</testsuite>